<?xml version="1.0" encoding="UTF-8"?>
<!-- Generated by org.testng.reporters.JUnitXMLReporter -->
<testsuite hostname="DESKTOP-2I5VKIH" ignored="0" name="Default test" tests="2" failures="0" timestamp="03 Oct 2020 19:26:53 GMT" time="0.051" errors="0">
  <testcase name="@BeforeClass WebDriverManager1" time="0.0" classname="TestCases.BaseClass">
    <failure type="org.testng.TestNGException" message="
Parameter &amp;apos;url&amp;apos; is required by BeforeClass on method WebDriverManager1 but has not been marked @Optional or defined
in C:\Users\Atul\AppData\Local\Temp\testng-eclipse-703478659\testng-customsuite.xml">
      <![CDATA[org.testng.TestNGException: 
Parameter 'url' is required by BeforeClass on method WebDriverManager1 but has not been marked @Optional or defined
in C:\Users\Atul\AppData\Local\Temp\testng-eclipse-703478659\testng-customsuite.xml
	at org.testng.internal.Parameters.createParameters(Parameters.java:199)
	at org.testng.internal.Parameters.createParameters(Parameters.java:443)
	at org.testng.internal.Parameters.createConfigurationParameters(Parameters.java:118)
	at org.testng.internal.Invoker.invokeConfigurations(Invoker.java:203)
	at org.testng.internal.Invoker.invokeConfigurations(Invoker.java:144)
	at org.testng.internal.TestMethodWorker.invokeBeforeClassMethods(TestMethodWorker.java:169)
	at org.testng.internal.TestMethodWorker.run(TestMethodWorker.java:108)
	at org.testng.TestRunner.privateRun(TestRunner.java:756)
	at org.testng.TestRunner.run(TestRunner.java:610)
	at org.testng.SuiteRunner.runTest(SuiteRunner.java:387)
	at org.testng.SuiteRunner.runSequentially(SuiteRunner.java:382)
	at org.testng.SuiteRunner.privateRun(SuiteRunner.java:340)
	at org.testng.SuiteRunner.run(SuiteRunner.java:289)
	at org.testng.SuiteRunnerWorker.runSuite(SuiteRunnerWorker.java:52)
	at org.testng.SuiteRunnerWorker.run(SuiteRunnerWorker.java:86)
	at org.testng.TestNG.runSuitesSequentially(TestNG.java:1293)
	at org.testng.TestNG.runSuitesLocally(TestNG.java:1218)
	at org.testng.TestNG.runSuites(TestNG.java:1133)
	at org.testng.TestNG.run(TestNG.java:1104)
	at org.testng.remote.AbstractRemoteTestNG.run(AbstractRemoteTestNG.java:126)
	at org.testng.remote.RemoteTestNG.initAndRun(RemoteTestNG.java:152)
	at org.testng.remote.RemoteTestNG.main(RemoteTestNG.java:57)
]]>
    </failure>
  </testcase> <!-- @BeforeClass WebDriverManager1 -->
  <testcase name="@AfterClass QuitBrowser" time="0.0" classname="TestCases.BaseClass">
    <skipped/>
  </testcase> <!-- @AfterClass QuitBrowser -->
  <testcase name="OpenProfile" time="0.005" classname="TestCases.PA">
    <skipped/>
  </testcase> <!-- OpenProfile -->
  <testcase name="logout" time="0.002" classname="TestCases.PA">
    <skipped/>
  </testcase> <!-- logout -->
</testsuite> <!-- Default test -->
